<?xml version="1.0" encoding="UTF-8"?>
<!-- Generated by org.testng.reporters.JUnitXMLReporter -->
<testsuite hostname="DESKTOP-D5LTVCT" ignored="0" name="Test1" tests="1" failures="0" timestamp="08 May 2019 18:36:12 GMT" time="50.468" errors="0">
  <testcase name="@BeforeMethod login" time="48.881" classname="wdmethods.ProjectMethods">
    <failure type="java.lang.RuntimeException">
      <![CDATA[java.lang.RuntimeException
at wdmethods.SeMethods1.locateElement(SeMethods1.java:97)
at wdmethods.ProjectMethods.login(ProjectMethods.java:40)
at java.util.concurrent.FutureTask.run(FutureTask.java:266)
at java.util.concurrent.ThreadPoolExecutor.runWorker(ThreadPoolExecutor.java:1149)
at java.util.concurrent.ThreadPoolExecutor$Worker.run(ThreadPoolExecutor.java:624)
at java.lang.Thread.run(Thread.java:748)
... Removed 19 stack frames]]>
    </failure>
  </testcase> <!-- @BeforeMethod login -->
  <testcase name="@AfterMethod closeApp" time="0.0" classname="wdmethods.ProjectMethods">
    <skipped/>
  </testcase> <!-- @AfterMethod closeApp -->
  <testcase name="cl" time="0.0" classname="testcase.TC002_CreateLeads">
    <skipped/>
  </testcase> <!-- cl -->
</testsuite> <!-- Test1 -->
