<?xml version="1.0" encoding="UTF-8"?>
<testng-results skipped="0" failed="0" ignored="0" total="1" passed="1">
  <reporter-output>
  </reporter-output>
  <suite name="Suite" duration-ms="17406" started-at="2019-05-11T17:58:37Z" finished-at="2019-05-11T17:58:55Z">
    <groups>
    </groups>
    <test name="Test" duration-ms="17406" started-at="2019-05-11T17:58:37Z" finished-at="2019-05-11T17:58:55Z">
      <class name="testcase.TC001_LoginAndLogOut">
        <test-method status="PASS" signature="startSuite()[pri:0, instance:testcase.TC001_LoginAndLogOut@5ec0a365]" name="startSuite" is-config="true" duration-ms="578" started-at="2019-05-11T17:58:37Z" finished-at="2019-05-11T17:58:37Z">
          <reporter-output>
          </reporter-output>
        </test-method> <!-- startSuite -->
        <test-method status="PASS" signature="setData()[pri:0, instance:testcase.TC001_LoginAndLogOut@5ec0a365]" name="setData" is-config="true" duration-ms="0" started-at="2019-05-11T17:58:37Z" finished-at="2019-05-11T17:58:37Z">
          <reporter-output>
          </reporter-output>
        </test-method> <!-- setData -->
        <test-method status="PASS" signature="beforeClass()[pri:0, instance:testcase.TC001_LoginAndLogOut@5ec0a365]" name="beforeClass" is-config="true" duration-ms="0" started-at="2019-05-11T17:58:37Z" finished-at="2019-05-11T17:58:37Z">
          <reporter-output>
          </reporter-output>
        </test-method> <!-- beforeClass -->
        <test-method status="PASS" signature="login()[pri:0, instance:testcase.TC001_LoginAndLogOut@5ec0a365]" name="login" is-config="true" duration-ms="12701" started-at="2019-05-11T17:58:38Z" finished-at="2019-05-11T17:58:51Z">
          <reporter-output>
          </reporter-output>
        </test-method> <!-- login -->
        <test-method status="PASS" signature="loginAndLogOut(java.lang.String, java.lang.String)[pri:0, instance:testcase.TC001_LoginAndLogOut@5ec0a365]" name="loginAndLogOut" duration-ms="2552" started-at="2019-05-11T17:58:51Z" data-provider="fetchData" finished-at="2019-05-11T17:58:53Z">
          <params>
            <param index="0">
              <value>
                <![CDATA[DemoSalesManager]]>
              </value>
            </param>
            <param index="1">
              <value>
                <![CDATA[crmsfa]]>
              </value>
            </param>
          </params>
          <reporter-output>
          </reporter-output>
        </test-method> <!-- loginAndLogOut -->
        <test-method status="PASS" signature="close()[pri:0, instance:testcase.TC001_LoginAndLogOut@5ec0a365]" name="close" is-config="true" duration-ms="1360" started-at="2019-05-11T17:58:53Z" finished-at="2019-05-11T17:58:55Z">
          <reporter-output>
          </reporter-output>
        </test-method> <!-- close -->
        <test-method status="PASS" signature="afterSuite()[pri:0, instance:testcase.TC001_LoginAndLogOut@5ec0a365]" name="afterSuite" is-config="true" duration-ms="562" started-at="2019-05-11T17:58:55Z" finished-at="2019-05-11T17:58:55Z">
          <reporter-output>
          </reporter-output>
        </test-method> <!-- afterSuite -->
      </class> <!-- testcase.TC001_LoginAndLogOut -->
    </test> <!-- Test -->
  </suite> <!-- Suite -->
</testng-results>
